[debug] [2022-02-01T18:46:01.617Z] ----------------------------------------------------------------------
[debug] [2022-02-01T18:46:01.619Z] Command:       C:\Program Files\nodejs\node.exe C:\Users\milic\AppData\Roaming\npm\node_modules\firebase-tools\lib\bin\firebase.js init
[debug] [2022-02-01T18:46:01.620Z] CLI Version:   10.1.3
[debug] [2022-02-01T18:46:01.620Z] Platform:      win32
[debug] [2022-02-01T18:46:01.620Z] Node Version:  v16.13.2
[debug] [2022-02-01T18:46:01.621Z] Time:          Tue Feb 01 2022 15:46:01 GMT-0300 (hora estándar de Argentina)
[debug] [2022-02-01T18:46:01.622Z] ----------------------------------------------------------------------
[debug] 
[debug] [2022-02-01T18:46:01.721Z] > command requires scopes: ["email","openid","https://www.googleapis.com/auth/cloudplatformprojects.readonly","https://www.googleapis.com/auth/firebase","https://www.googleapis.com/auth/cloud-platform"]
[debug] [2022-02-01T18:46:01.721Z] > authorizing via signed-in user (mili.carrascal00@gmail.com)
[info] 
     ######## #### ########  ######## ########     ###     ######  ########
     ##        ##  ##     ## ##       ##     ##  ##   ##  ##       ##
     ######    ##  ########  ######   ########  #########  ######  ######
     ##        ##  ##    ##  ##       ##     ## ##     ##       ## ##
     ##       #### ##     ## ######## ########  ##     ##  ######  ########

You're about to initialize a Firebase project in this directory:

  C:\Users\milic\Documents\VisualStudioProjects\mp_proyecto

Before we get started, keep in mind:

  * You are initializing within an existing Firebase project directory

[info] 
=== Project Setup
[info] 
[info] First, let's associate this project directory with a Firebase project.
[info] You can create multiple project aliases by running firebase use --add, 
[info] but for now we'll just set up a default project.
[info] 
[debug] [2022-02-01T18:46:09.020Z] Using project from CLI flag: tutorial-09-sdk-360c1
[debug] [2022-02-01T18:46:09.023Z] >>> [apiv2][query] GET https://firebase.googleapis.com/v1beta1/projects/tutorial-09-sdk-360c1 [none]
[debug] [2022-02-01T18:46:10.001Z] <<< [apiv2][status] GET https://firebase.googleapis.com/v1beta1/projects/tutorial-09-sdk-360c1 200
[debug] [2022-02-01T18:46:10.001Z] <<< [apiv2][body] GET https://firebase.googleapis.com/v1beta1/projects/tutorial-09-sdk-360c1 {"projectId":"tutorial-09-sdk-360c1","projectNumber":"712097529390","displayName":"MediaPila-proyecto","name":"projects/tutorial-09-sdk-360c1","resources":{"hostingSite":"tutorial-09-sdk-360c1","storageBucket":"tutorial-09-sdk-360c1.appspot.com","locationId":"us-central"},"state":"ACTIVE"}
[info] i  Using project tutorial-09-sdk-360c1 (MediaPila-proyecto) 
[info] 
=== Hosting Setup
[info] 
[info] Your public directory is the folder (relative to your project directory) that
[info] will contain Hosting assets to be uploaded with firebase deploy. If you
[info] have a build process for your assets, use your build's output directory.
[info] 
[debug] [2022-02-01T18:48:09.308Z] Error: kill ENOSYS
    at process.kill (node:internal/process/per_thread:215:13)
    at process.listener (C:\Users\milic\AppData\Roaming\npm\node_modules\firebase-tools\node_modules\signal-exit\index.js:95:15)
    at process.emit (node:events:390:28)
[error] 
[error] Error: An unexpected error has occurred.
[debug] [2022-02-01T18:50:09.617Z] ----------------------------------------------------------------------
[debug] [2022-02-01T18:50:09.619Z] Command:       C:\Program Files\nodejs\node.exe C:\Users\milic\AppData\Roaming\npm\node_modules\firebase-tools\lib\bin\firebase.js init
[debug] [2022-02-01T18:50:09.620Z] CLI Version:   10.1.3
[debug] [2022-02-01T18:50:09.620Z] Platform:      win32
[debug] [2022-02-01T18:50:09.620Z] Node Version:  v16.13.2
[debug] [2022-02-01T18:50:09.622Z] Time:          Tue Feb 01 2022 15:50:09 GMT-0300 (hora estándar de Argentina)
[debug] [2022-02-01T18:50:09.622Z] ----------------------------------------------------------------------
[debug] 
[debug] [2022-02-01T18:50:09.723Z] > command requires scopes: ["email","openid","https://www.googleapis.com/auth/cloudplatformprojects.readonly","https://www.googleapis.com/auth/firebase","https://www.googleapis.com/auth/cloud-platform"]
[debug] [2022-02-01T18:50:09.723Z] > authorizing via signed-in user (mili.carrascal00@gmail.com)
[info] 
     ######## #### ########  ######## ########     ###     ######  ########
     ##        ##  ##     ## ##       ##     ##  ##   ##  ##       ##
     ######    ##  ########  ######   ########  #########  ######  ######
     ##        ##  ##    ##  ##       ##     ## ##     ##       ## ##
     ##       #### ##     ## ######## ########  ##     ##  ######  ########

You're about to initialize a Firebase project in this directory:

  C:\Users\milic\Documents\VisualStudioProjects\mp_proyecto

Before we get started, keep in mind:

  * You are initializing within an existing Firebase project directory

[info] 
=== Project Setup
[info] 
[info] First, let's associate this project directory with a Firebase project.
[info] You can create multiple project aliases by running firebase use --add, 
[info] but for now we'll just set up a default project.
[info] 
[debug] [2022-02-01T18:50:20.732Z] Using project from CLI flag: tutorial-09-sdk-360c1
[debug] [2022-02-01T18:50:20.735Z] >>> [apiv2][query] GET https://firebase.googleapis.com/v1beta1/projects/tutorial-09-sdk-360c1 [none]
[debug] [2022-02-01T18:50:21.754Z] <<< [apiv2][status] GET https://firebase.googleapis.com/v1beta1/projects/tutorial-09-sdk-360c1 200
[debug] [2022-02-01T18:50:21.754Z] <<< [apiv2][body] GET https://firebase.googleapis.com/v1beta1/projects/tutorial-09-sdk-360c1 {"projectId":"tutorial-09-sdk-360c1","projectNumber":"712097529390","displayName":"MediaPila-proyecto","name":"projects/tutorial-09-sdk-360c1","resources":{"hostingSite":"tutorial-09-sdk-360c1","storageBucket":"tutorial-09-sdk-360c1.appspot.com","locationId":"us-central"},"state":"ACTIVE"}
[info] i  Using project tutorial-09-sdk-360c1 (MediaPila-proyecto) 
[info] 
=== Hosting Setup
[info] 
[info] Your public directory is the folder (relative to your project directory) that
[info] will contain Hosting assets to be uploaded with firebase deploy. If you
[info] have a build process for your assets, use your build's output directory.
[info] 
